\BOOKMARK [-1][]{ctitle.-1}{\376\377\157\002\155\156\137\017\155\167\116\012\230\316\122\233\147\072\154\024\122\250\137\071\140\047\172\063\133\232\116\016\143\247\122\066}{}% 1
\BOOKMARK [0][]{section*.2}{\376\377\133\146\117\115\213\272\145\207\123\237\122\033\140\047\130\360\146\016\124\214\162\110\147\103\117\177\165\050\143\210\147\103\116\146}{ctitle.-1}% 2
\BOOKMARK [0][]{section*.3}{\376\377\144\130\211\201}{ctitle.-1}% 3
\BOOKMARK [0][]{section*.5}{\376\377\000A\000b\000s\000t\000r\000a\000c\000t}{ctitle.-1}% 4
\BOOKMARK [0][]{section*.8}{\376\377\143\322\126\376\175\042\137\025}{ctitle.-1}% 5
\BOOKMARK [0][]{section*.10}{\376\377\226\104\210\150\175\042\137\025}{ctitle.-1}% 6
\BOOKMARK [0][]{section*.12}{\376\377\0001\000\040\176\352\000\040\213\272}{ctitle.-1}% 7
\BOOKMARK [1][]{section*.13}{\376\377\0001\000.\0001\000\040\170\024\172\166\200\314\146\157}{section*.12}% 8
\BOOKMARK [1][]{section*.14}{\376\377\0001\000.\0002\000\040\157\002\155\156\137\017\230\316\165\065\123\321\134\125\163\260\162\266}{section*.12}% 9
\BOOKMARK [2][]{section*.15}{\376\377\0001\000.\0002\000.\0001\000\040\157\002\155\156\137\017\230\316\165\065\116\247\116\032\123\321\134\125\163\260\162\266}{section*.14}% 10
\BOOKMARK [2][]{section*.17}{\376\377\0001\000.\0002\000.\0002\000\040\157\002\155\156\137\017\230\316\122\233\147\072\127\372\121\306\170\024\172\166\152\041\127\213\123\321\134\125\163\260\162\266}{section*.14}% 11
\BOOKMARK [1][]{section*.19}{\376\377\0001\000.\0003\000\040\157\002\155\156\137\017\230\316\122\233\147\072\116\000\117\123\123\026\116\377\167\037\116\016\133\236\232\214\142\200\147\057}{section*.12}% 12
\BOOKMARK [2][]{section*.20}{\376\377\0001\000.\0003\000.\0001\000\040\157\002\155\156\137\017\230\316\122\233\147\072\116\000\117\123\123\026\116\377\167\037\142\200\147\057}{section*.19}% 13
\BOOKMARK [2][]{section*.22}{\376\377\0001\000.\0003\000.\0002\000\040\157\002\155\156\137\017\230\316\122\233\147\072\133\236\232\214\142\200\147\057}{section*.19}% 14
\BOOKMARK [1][]{section*.30}{\376\377\0001\000.\0004\000\040\157\002\155\156\137\017\230\316\122\233\147\072\166\204\154\024\122\250\137\071\140\047\172\063\133\232\225\356\230\230\116\016\143\247\122\066}{section*.12}% 15
\BOOKMARK [2][]{section*.31}{\376\377\0001\000.\0004\000.\0001\000\040\230\316\122\233\147\072\176\317\121\170\154\024\122\250\137\071\140\047\172\063\133\232\225\356\230\230}{section*.30}% 16
\BOOKMARK [2][]{section*.47}{\376\377\0001\000.\0004\000.\0002\000\040\154\024\137\071\172\063\133\232\143\247\122\066\142\200\147\057}{section*.30}% 17
\BOOKMARK [2][]{section*.59}{\376\377\0001\000.\0004\000.\0003\000\040\157\002\155\156\137\017\230\316\122\233\147\072\154\024\137\071\172\063\133\232\140\047\170\024\172\166\163\260\162\266}{section*.30}% 18
\BOOKMARK [1][]{section*.62}{\376\377\0001\000.\0005\000\040\163\260\147\011\170\024\172\166\116\015\215\263\124\214\137\205\211\343\121\263\166\204\225\356\230\230}{section*.12}% 19
\BOOKMARK [1][]{section*.63}{\376\377\0001\000.\0006\000\040\213\272\145\207\135\345\117\134\151\202\217\360}{section*.12}% 20
\BOOKMARK [2][]{section*.64}{\376\377\0001\000.\0006\000.\0001\000\040\213\272\145\207\170\024\172\166\166\356\166\204\116\016\140\035\215\357}{section*.63}% 21
\BOOKMARK [2][]{section*.65}{\376\377\0001\000.\0006\000.\0002\000\040\213\272\145\207\121\205\133\271\133\211\143\222}{section*.63}% 22
\BOOKMARK [0][]{section*.67}{\376\377\0002\000\040\157\002\155\156\137\017\230\316\122\233\147\072\166\204\122\250\122\233\133\146\116\000\117\123\123\026\136\372\152\041}{ctitle.-1}% 23
\BOOKMARK [1][]{section*.68}{\376\377\0002\000.\0001\000\040\137\025\212\000}{section*.67}% 24
\BOOKMARK [1][]{section*.69}{\376\377\0002\000.\0002\000\040\176\323\147\204\147\011\226\120\121\103\136\372\152\041}{section*.67}% 25
\BOOKMARK [2][]{section*.70}{\376\377\0002\000.\0002\000.\0001\000\040\157\002\155\156\137\017\230\316\122\233\147\072\127\372\147\054\176\323\147\204\116\016\127\120\150\007\174\373\133\232\116\111}{section*.69}% 26
\BOOKMARK [2][]{section*.74}{\376\377\0002\000.\0002\000.\0002\000\040\157\002\155\156\137\017\230\316\122\233\147\072\147\011\226\120\121\103\152\041\127\213\151\202\217\360}{section*.69}% 27
\BOOKMARK [2][]{section*.75}{\376\377\0002\000.\0002\000.\0003\000\040\157\002\155\156\137\017\230\316\122\233\147\072\147\011\226\120\121\103\176\323\147\204\167\351\226\065\143\250\133\374}{section*.69}% 28
\BOOKMARK [2][]{section*.78}{\376\377\0002\000.\0002\000.\0004\000\040\200\046\124\010\221\315\122\233\122\032\136\246}{section*.69}% 29
\BOOKMARK [1][]{section*.80}{\376\377\0002\000.\0003\000\040\174\373\154\312\174\373\176\337\136\372\152\041}{section*.67}% 30
\BOOKMARK [2][]{section*.81}{\376\377\0002\000.\0003\000.\0001\000\040\227\136\176\277\140\047\174\373\154\312\152\041\127\213}{section*.80}% 31
\BOOKMARK [2][]{section*.84}{\376\377\0002\000.\0003\000.\0002\000\040\176\277\140\047\174\373\154\312\122\032\136\246\150\007\133\232}{section*.80}% 32
\BOOKMARK [1][]{section*.88}{\376\377\0002\000.\0004\000\040\154\024\122\250\122\233\136\372\152\041}{section*.67}% 33
\BOOKMARK [2][]{section*.89}{\376\377\0002\000.\0004\000.\0001\000\040\133\232\136\070\123\366\175\040\122\250\221\317\164\006\213\272}{section*.88}% 34
\BOOKMARK [2][]{section*.96}{\376\377\0002\000.\0004\000.\0002\000\040\121\306\133\232\136\070\123\366\175\040\122\250\221\317\164\006\213\272}{section*.88}% 35
\BOOKMARK [2][]{section*.99}{\376\377\0002\000.\0004\000.\0003\000\040\227\136\133\232\136\070\123\366\175\040\122\250\221\317\164\006\213\272}{section*.88}% 36
\BOOKMARK [2][]{section*.105}{\376\377\0002\000.\0004\000.\0004\000\040\230\316\122\233\147\072\120\134\147\072\162\266\140\001\116\013\166\204\154\024\122\250\123\107\226\073\122\233\213\241\173\227\152\041\127\213}{section*.88}% 37
\BOOKMARK [2][]{section*.106}{\376\377\0002\000.\0004\000.\0005\000\040\154\024\122\250\122\233\166\204\176\277\140\047\123\026}{section*.88}% 38
\BOOKMARK [1][]{section*.107}{\376\377\0002\000.\0005\000\040\154\064\122\250\122\233\133\146\136\372\152\041}{section*.67}% 39
\BOOKMARK [2][]{section*.108}{\376\377\0002\000.\0005\000.\0001\000\040\227\131\154\064\122\032\136\246}{section*.107}% 40
\BOOKMARK [2][]{section*.109}{\376\377\0002\000.\0005\000.\0002\000\040\000M\000o\000r\000i\000s\000o\000n\000\040\145\271\172\013}{section*.107}% 41
\BOOKMARK [2][]{section*.110}{\376\377\0002\000.\0005\000.\0003\000\040\226\104\122\240\215\050\221\317}{section*.107}% 42
\BOOKMARK [2][]{section*.111}{\376\377\0002\000.\0005\000.\0004\000\040\122\277\155\101\164\006\213\272}{section*.107}% 43
\BOOKMARK [2][]{section*.112}{\376\377\0002\000.\0005\000.\0005\000\040\174\230\140\047\142\326\146\363\122\233\166\204\176\277\140\047\123\026\040\024\154\064\122\250\122\233\174\230\140\047\226\073\134\074}{section*.107}% 44
\BOOKMARK [1][]{section*.113}{\376\377\0002\000.\0006\000\040\117\072\147\015\174\373\176\337\136\372\152\041}{section*.67}% 45
\BOOKMARK [2][]{section*.114}{\376\377\0002\000.\0006\000.\0001\000\040\143\247\122\066\040\024\155\113\221\317\156\344\154\342\126\150}{section*.113}% 46
\BOOKMARK [2][]{section*.115}{\376\377\0002\000.\0006\000.\0002\000\040\123\321\165\065\147\072\040\024\142\155\167\351\143\247\122\066\126\150}{section*.113}% 47
\BOOKMARK [2][]{section*.117}{\376\377\0002\000.\0006\000.\0003\000\040\123\366\162\107\040\024\150\150\215\335\143\247\122\066\126\150}{section*.113}% 48
\BOOKMARK [1][]{section*.119}{\376\377\0002\000.\0007\000\040\152\041\127\213\127\372\147\054\135\345\121\265\232\214\213\301}{section*.67}% 49
\BOOKMARK [2][]{section*.120}{\376\377\0002\000.\0007\000.\0001\000\040\217\320\210\114\135\345\121\265\232\214\213\301}{section*.119}% 50
\BOOKMARK [2][]{section*.125}{\376\377\0002\000.\0007\000.\0002\000\040\120\134\147\072\135\345\121\265\232\214\213\301}{section*.119}% 51
\BOOKMARK [1][]{section*.130}{\376\377\0002\000.\0008\000\040\134\017\176\323}{section*.67}% 52
\BOOKMARK [0][]{section*.131}{\376\377\0003\000\040\217\320\210\114\162\266\140\001\157\002\155\156\137\017\230\316\122\233\147\072\166\204\226\073\134\074\162\171\140\047\116\016\154\024\137\071\172\063\133\232}{ctitle.-1}% 53
\BOOKMARK [1][]{section*.132}{\376\377\0003\000.\0001\000\040\137\025\212\000}{section*.131}% 54
\BOOKMARK [1][]{section*.133}{\376\377\0003\000.\0002\000\040\157\002\155\156\137\017\230\316\122\233\147\072\217\320\210\114\162\266\140\001\116\013\166\204\154\024\122\250\226\073\134\074\167\351\226\065}{section*.131}% 55
\BOOKMARK [2][]{section*.134}{\376\377\0003\000.\0002\000.\0001\000\040\155\156\117\123\154\024\122\250\122\233\123\312\154\024\122\250\226\073\134\074\167\351\226\065}{section*.133}% 56
\BOOKMARK [2][]{section*.137}{\376\377\0003\000.\0002\000.\0002\000\040\145\164\147\072\154\024\122\250\122\233\123\312\154\024\122\250\226\073\134\074\167\351\226\065}{section*.133}% 57
\BOOKMARK [2][]{section*.138}{\376\377\0003\000.\0002\000.\0003\000\040\154\024\122\250\226\073\134\074\166\204\145\366\225\364\145\340\121\163\123\026}{section*.133}% 58
\BOOKMARK [1][]{section*.139}{\376\377\0003\000.\0003\000\040\155\156\117\123\154\064\122\250\122\233\226\073\134\074\167\351\226\065}{section*.131}% 59
\BOOKMARK [2][]{section*.140}{\376\377\0003\000.\0003\000.\0001\000\040\217\220\134\004\226\073\134\074\167\351\226\065}{section*.139}% 60
\BOOKMARK [2][]{section*.142}{\376\377\0003\000.\0003\000.\0002\000\040\174\230\140\047\226\073\134\074\167\351\226\065}{section*.139}% 61
\BOOKMARK [1][]{section*.144}{\376\377\0003\000.\0004\000\040\154\024\122\250\226\073\134\074\116\016\154\064\122\250\122\233\226\073\134\074\232\214\213\301}{section*.131}% 62
\BOOKMARK [2][]{section*.145}{\376\377\0003\000.\0004\000.\0001\000\040\154\064\122\250\122\233\226\073\134\074\232\214\213\301}{section*.144}% 63
\BOOKMARK [2][]{section*.147}{\376\377\0003\000.\0004\000.\0002\000\040\154\024\122\250\226\073\134\074\232\214\213\301}{section*.144}% 64
\BOOKMARK [2][]{section*.149}{\376\377\0003\000.\0004\000.\0003\000\040\145\366\127\337\167\254\140\001\124\315\136\224\232\214\213\301}{section*.144}% 65
\BOOKMARK [1][]{section*.151}{\376\377\0003\000.\0005\000\040\155\156\117\123\226\073\134\074\122\006\147\220\176\323\147\234}{section*.131}% 66
\BOOKMARK [2][]{section*.153}{\376\377\0003\000.\0005\000.\0001\000\040\155\156\117\123\154\024\122\250\226\073\134\074\122\006\147\220\176\323\147\234}{section*.151}% 67
\BOOKMARK [2][]{section*.155}{\376\377\0003\000.\0005\000.\0002\000\040\155\156\117\123\154\064\122\250\122\233\226\073\134\074\122\006\147\220\176\323\147\234}{section*.151}% 68
\BOOKMARK [2][]{section*.160}{\376\377\0003\000.\0005\000.\0003\000\040\155\156\117\123\140\073\117\123\226\073\134\074\122\006\147\220\176\323\147\234}{section*.151}% 69
\BOOKMARK [1][]{section*.165}{\376\377\0003\000.\0006\000\040\145\164\147\072\154\024\122\250\226\073\134\074\122\006\147\220}{section*.131}% 70
\BOOKMARK [2][]{section*.166}{\376\377\0003\000.\0006\000.\0001\000\040\122\250\122\233\162\171\140\047\122\006\147\220\176\323\147\234}{section*.165}% 71
\BOOKMARK [2][]{section*.170}{\376\377\0003\000.\0006\000.\0002\000\040\145\164\147\072\152\041\140\001\154\024\122\250\226\073\134\074\122\006\147\220\176\323\147\234}{section*.165}% 72
\BOOKMARK [1][]{section*.172}{\376\377\0003\000.\0007\000\040\134\017\176\323}{section*.131}% 73
\BOOKMARK [0][]{section*.173}{\376\377\0004\000\040\120\134\147\072\162\266\140\001\157\002\155\156\137\017\230\316\122\233\147\072\166\204\226\073\134\074\162\171\140\047\116\016\131\061\220\037\230\244\143\057}{ctitle.-1}% 74
\BOOKMARK [1][]{section*.174}{\376\377\0004\000.\0001\000\040\137\025\212\000}{section*.173}% 75
\BOOKMARK [1][]{section*.175}{\376\377\0004\000.\0002\000\040\155\156\137\017\230\316\122\233\147\072\120\134\147\072\227\131\153\142\162\266\140\001\116\013\166\204\154\024\122\250\226\073\134\074\167\351\226\065}{section*.173}% 76
\BOOKMARK [2][]{section*.176}{\376\377\0004\000.\0002\000.\0001\000\040\230\316\122\233\147\072\120\134\147\072\227\131\153\142\162\266\140\001\116\013\166\204\121\306\133\232\136\070\154\024\122\250\122\233}{section*.175}% 77
\BOOKMARK [2][]{section*.178}{\376\377\0004\000.\0002\000.\0002\000\040\145\164\147\072\154\024\122\250\122\233\176\277\140\047\123\026\123\312\154\024\122\250\226\073\134\074\167\351\226\065}{section*.175}% 78
\BOOKMARK [1][]{section*.179}{\376\377\0004\000.\0003\000\040\230\221\127\337\172\063\133\232\140\047\122\006\147\220}{section*.173}% 79
\BOOKMARK [2][]{section*.180}{\376\377\0004\000.\0003\000.\0001\000\040\145\366\127\337\116\016\230\221\127\337\153\324\217\203\170\024\172\166\155\101\172\013}{section*.179}% 80
\BOOKMARK [2][]{section*.182}{\376\377\0004\000.\0003\000.\0002\000\040\120\134\147\072\227\131\153\142\230\316\122\233\147\072\166\204\154\024\122\250\226\073\134\074\116\016\131\061\220\037\230\244\143\057}{section*.179}% 81
\BOOKMARK [2][]{section*.189}{\376\377\0004\000.\0003\000.\0003\000\040\121\306\133\232\136\070\131\061\220\037\230\244\143\057\147\072\164\006}{section*.179}% 82
\BOOKMARK [2][]{section*.191}{\376\377\0004\000.\0003\000.\0004\000\040\152\041\140\001\200\046\124\010\122\006\147\220}{section*.179}% 83
\BOOKMARK [2][]{section*.195}{\376\377\0004\000.\0003\000.\0005\000\040\131\061\220\037\230\244\143\057\133\211\121\150\210\325\136\246\124\214\143\247\122\066\173\126\165\145}{section*.179}% 84
\BOOKMARK [1][]{section*.198}{\376\377\0004\000.\0004\000\040\145\366\127\337\172\063\133\232\140\047\122\006\147\220}{section*.173}% 85
\BOOKMARK [2][]{section*.199}{\376\377\0004\000.\0004\000.\0001\000\040\123\366\162\107\124\315\136\224\122\006\147\220}{section*.198}% 86
\BOOKMARK [2][]{section*.209}{\376\377\0004\000.\0004\000.\0002\000\040\136\163\123\360\124\315\136\224\122\006\147\220}{section*.198}% 87
\BOOKMARK [2][]{section*.214}{\376\377\0004\000.\0004\000.\0003\000\040\130\124\173\122\124\315\136\224\122\006\147\220}{section*.198}% 88
\BOOKMARK [1][]{section*.216}{\376\377\0004\000.\0005\000\040\134\017\176\323}{section*.173}% 89
\BOOKMARK [0][]{section*.217}{\376\377\0005\000\040\127\372\116\216\227\136\133\232\136\070\123\366\175\040\154\024\122\250\122\233\164\006\213\272\166\204\131\061\220\037\230\244\143\057\122\006\147\220}{ctitle.-1}% 90
\BOOKMARK [1][]{section*.218}{\376\377\0005\000.\0001\000\040\137\025\212\000}{section*.217}% 91
\BOOKMARK [1][]{section*.219}{\376\377\0005\000.\0002\000\040\122\250\140\001\131\061\220\037\145\160\133\146\152\041\127\213}{section*.217}% 92
\BOOKMARK [2][]{section*.220}{\376\377\0005\000.\0002\000.\0001\000\040\000S\000t\000\344\000b\000l\000e\000i\000n\000\040\152\041\127\213}{section*.219}% 93
\BOOKMARK [2][]{section*.221}{\376\377\0005\000.\0002\000.\0002\000\040\000B\000e\000d\000d\000o\000e\000s\000-\000L\000e\000i\000s\000h\000m\000a\000n\000\040\152\041\127\213}{section*.219}% 94
\BOOKMARK [2][]{section*.223}{\376\377\0005\000.\0002\000.\0003\000\040\000H\000G\000M\000\040\152\041\127\213}{section*.219}% 95
\BOOKMARK [2][]{section*.224}{\376\377\0005\000.\0002\000.\0004\000\040\116\000\226\066\000\040\000I\000A\000G\000\040\152\041\127\213\124\214\116\044\122\006\171\273\160\271\116\000\226\066\000\040\000I\000A\000G\000\040\152\041\127\213}{section*.219}% 96
\BOOKMARK [2][]{section*.225}{\376\377\0005\000.\0002\000.\0005\000\040\000H\000G\000M\000\040\000\341\000\040\000l\000a\000\040\000O\000p\000e\000n\000F\000A\000S\000T\000\040\152\041\127\213\124\214\000\040\000H\000G\000M\000\040\000\040\000f\000\040\000-\000s\000c\000a\000l\000e\000d\000\040\152\041\127\213}{section*.219}% 97
\BOOKMARK [1][]{section*.226}{\376\377\0005\000.\0003\000\040\127\372\116\216\123\366\175\040\166\204\227\136\176\277\140\047\154\024\137\071\152\041\127\213}{section*.217}% 98
\BOOKMARK [2][]{section*.227}{\376\377\0005\000.\0003\000.\0001\000\040\123\366\175\040\116\214\176\364\116\011\201\352\165\061\136\246\176\323\147\204\122\250\122\233\133\146\152\041\127\213}{section*.226}% 99
\BOOKMARK [2][]{section*.229}{\376\377\0005\000.\0003\000.\0002\000\040\133\232\136\070\116\016\121\306\133\232\136\070\145\073\211\322}{section*.226}% 100
\BOOKMARK [2][]{section*.232}{\376\377\0005\000.\0003\000.\0003\000\040\124\315\136\224\166\204\217\321\117\074\211\343\124\214\174\276\170\156\211\343}{section*.226}% 101
\BOOKMARK [1][]{section*.235}{\376\377\0005\000.\0004\000\040\152\041\127\213\232\214\213\301}{section*.217}% 102
\BOOKMARK [2][]{section*.236}{\376\377\0005\000.\0004\000.\0001\000\040\122\250\140\001\131\061\220\037\232\214\213\301\173\227\117\213\213\276\177\156}{section*.235}% 103
\BOOKMARK [2][]{section*.238}{\376\377\0005\000.\0004\000.\0002\000\040\122\250\140\001\131\061\220\037\152\041\127\213\154\024\122\250\122\233\217\337\156\336\163\257\232\214\213\301}{section*.235}% 104
\BOOKMARK [2][]{section*.244}{\376\377\0005\000.\0004\000.\0003\000\040\154\024\122\250\137\071\140\047\232\214\213\301}{section*.235}% 105
\BOOKMARK [1][]{section*.248}{\376\377\0005\000.\0005\000\040\227\136\133\232\136\070\131\061\220\037\230\244\143\057\172\063\140\001\124\315\136\224}{section*.217}% 106
\BOOKMARK [2][]{section*.249}{\376\377\0005\000.\0005\000.\0001\000\040\172\063\140\001\143\057\136\105}{section*.248}% 107
\BOOKMARK [2][]{section*.252}{\376\377\0005\000.\0005\000.\0002\000\040\147\011\145\110\145\073\211\322}{section*.248}% 108
\BOOKMARK [1][]{section*.254}{\376\377\0005\000.\0006\000\040\227\136\133\232\136\070\131\061\220\037\230\244\143\057\166\204\157\024\123\026}{section*.217}% 109
\BOOKMARK [2][]{section*.255}{\376\377\0005\000.\0006\000.\0001\000\040\143\057\136\105\117\235\133\130\166\204\154\024\122\250\226\073\134\074}{section*.254}% 110
\BOOKMARK [2][]{section*.257}{\376\377\0005\000.\0006\000.\0002\000\040\154\024\122\250\122\233\120\132\122\237\122\006\147\220}{section*.254}% 111
\BOOKMARK [1][]{section*.259}{\376\377\0005\000.\0007\000\040\134\017\176\323}{section*.217}% 112
\BOOKMARK [0][]{section*.260}{\376\377\0006\000\040\127\372\116\216\155\241\155\101\123\321\165\037\126\150\166\204\131\061\220\037\230\244\143\057\143\247\122\066}{ctitle.-1}% 113
\BOOKMARK [1][]{section*.261}{\376\377\0006\000.\0001\000\040\137\025\212\000}{section*.260}% 114
\BOOKMARK [1][]{section*.262}{\376\377\0006\000.\0002\000\040\131\061\220\037\230\244\143\057\116\016\155\241\155\101\123\321\165\037\126\150\127\372\147\054\164\006\213\272}{section*.260}% 115
\BOOKMARK [2][]{section*.263}{\376\377\0006\000.\0002\000.\0001\000\040\120\134\147\072\227\131\153\142\230\316\122\233\147\072\166\204\154\024\122\250\226\073\134\074}{section*.262}% 116
\BOOKMARK [2][]{section*.264}{\376\377\0006\000.\0002\000.\0002\000\040\155\241\155\101\123\321\165\037\126\150\136\003\177\156\145\271\150\110}{section*.262}% 117
\BOOKMARK [2][]{section*.266}{\376\377\0006\000.\0002\000.\0003\000\040\174\222\133\120\177\244\117\030\123\026\173\227\154\325}{section*.262}% 118
\BOOKMARK [1][]{section*.269}{\376\377\0006\000.\0003\000\040\131\061\220\037\230\244\143\057\166\204\122\035\153\145\122\006\147\220\176\323\147\234}{section*.260}% 119
\BOOKMARK [1][]{section*.273}{\376\377\0006\000.\0004\000\040\127\372\116\216\155\241\155\101\123\321\165\037\126\150\166\204\154\024\137\071\172\063\133\232\140\047\143\320\123\107\145\110\147\234}{section*.260}% 120
\BOOKMARK [2][]{section*.274}{\376\377\0006\000.\0004\000.\0001\000\040\117\134\165\050\147\072\164\006}{section*.273}% 121
\BOOKMARK [2][]{section*.277}{\376\377\0006\000.\0004\000.\0002\000\040\174\222\133\120\177\244\117\030\123\026\173\227\154\325\176\323\147\234}{section*.273}% 122
\BOOKMARK [2][]{section*.280}{\376\377\0006\000.\0004\000.\0003\000\040\137\353\220\037\117\030\123\026\173\227\154\325\123\312\117\030\123\026\176\323\147\234}{section*.273}% 123
\BOOKMARK [2][]{section*.283}{\376\377\0006\000.\0004\000.\0004\000\040\145\366\127\337\145\110\147\234\232\214\213\301}{section*.273}% 124
\BOOKMARK [2][]{section*.286}{\376\377\0006\000.\0004\000.\0005\000\040\155\241\155\101\123\321\165\037\126\150\133\371\000\040\000I\000E\000A\000\040\0001\0005\000-\000M\000W\000\040\230\316\122\233\147\072\166\204\131\061\220\037\230\244\143\057\143\247\122\066\145\110\147\234}{section*.273}% 125
\BOOKMARK [1][]{section*.291}{\376\377\0006\000.\0005\000\040\213\250\213\272}{section*.260}% 126
\BOOKMARK [2][]{section*.292}{\376\377\0006\000.\0005\000.\0001\000\040\123\366\217\156\145\271\117\115\211\322\133\371\155\241\155\101\123\321\165\037\126\150\136\003\177\156\117\030\123\026\166\204\137\161\124\315}{section*.291}% 127
\BOOKMARK [2][]{section*.295}{\376\377\0006\000.\0005\000.\0002\000\040\147\145\155\101\230\316\220\037\133\371\145\271\150\110\117\030\123\026\166\204\137\161\124\315}{section*.291}% 128
\BOOKMARK [2][]{section*.297}{\376\377\0006\000.\0005\000.\0003\000\040\155\241\155\101\123\321\165\037\126\150\133\371\153\143\136\070\217\320\210\114\135\345\121\265\166\204\137\161\124\315}{section*.291}% 129
\BOOKMARK [2][]{section*.300}{\376\377\0006\000.\0005\000.\0004\000\040\155\241\155\101\123\321\165\037\126\150\133\371\130\124\173\122\124\214\136\163\123\360\124\315\136\224\166\204\137\161\124\315}{section*.291}% 130
\BOOKMARK [1][]{section*.303}{\376\377\0006\000.\0006\000\040\134\017\176\323}{section*.260}% 131
\BOOKMARK [0][]{section*.304}{\376\377\0007\000\040\155\156\117\123\176\265\203\141\133\374\201\364\166\204\122\237\163\207\143\057\203\141\123\312\121\166\230\204\155\113}{ctitle.-1}% 132
\BOOKMARK [1][]{section*.305}{\376\377\0007\000.\0001\000\040\137\025\212\000}{section*.304}% 133
\BOOKMARK [1][]{section*.307}{\376\377\0007\000.\0002\000\040\176\265\203\141\137\025\215\167\166\204\122\250\140\001\121\145\155\101\145\110\136\224\143\317\217\360}{section*.304}% 134
\BOOKMARK [2][]{section*.308}{\376\377\0007\000.\0002\000.\0001\000\040\145\366\225\364\171\273\145\143\150\074\137\017\143\317\217\360}{section*.307}% 135
\BOOKMARK [2][]{section*.311}{\376\377\0007\000.\0002\000.\0002\000\040\145\366\225\364\217\336\176\355\140\047\150\074\137\017\143\317\217\360}{section*.307}% 136
\BOOKMARK [2][]{section*.313}{\376\377\0007\000.\0002\000.\0003\000\040\171\273\145\143\040\024\217\336\176\355\123\330\143\142\166\204\220\032\165\050\140\047}{section*.307}% 137
\BOOKMARK [2][]{section*.315}{\376\377\0007\000.\0002\000.\0004\000\040\122\250\140\001\121\145\155\101\176\277\140\047\123\026}{section*.307}% 138
\BOOKMARK [1][]{section*.316}{\376\377\0007\000.\0003\000\040\117\072\147\015\143\247\122\066\174\373\176\337}{section*.304}% 139
\BOOKMARK [2][]{section*.317}{\376\377\0007\000.\0003\000.\0001\000\040\162\266\140\001\172\172\225\364\137\142\137\017\166\204\143\247\122\066\164\006\213\272}{section*.316}% 140
\BOOKMARK [2][]{section*.318}{\376\377\0007\000.\0003\000.\0002\000\040\000P\000I\000D\000\040\143\247\122\066\126\150\166\204\176\277\140\047\123\026}{section*.316}% 141
\BOOKMARK [2][]{section*.319}{\376\377\0007\000.\0003\000.\0003\000\040\000P\000I\000D\000\040\143\247\122\066\126\150\232\214\213\301}{section*.316}% 142
\BOOKMARK [1][]{section*.322}{\376\377\0007\000.\0004\000\040\122\250\140\001\121\145\155\101\040\024\117\072\147\015\143\247\122\066\174\373\176\337\200\046\124\010\123\312\122\237\163\207\230\204\155\113}{section*.304}% 143
\BOOKMARK [2][]{section*.323}{\376\377\0007\000.\0004\000.\0001\000\040\162\266\140\001\172\172\225\364\121\205\166\204\200\046\124\010}{section*.322}% 144
\BOOKMARK [2][]{section*.324}{\376\377\0007\000.\0004\000.\0002\000\040\162\266\140\001\211\302\155\113}{section*.322}% 145
\BOOKMARK [2][]{section*.325}{\376\377\0007\000.\0004\000.\0003\000\040\152\041\127\213\232\214\213\301}{section*.322}% 146
\BOOKMARK [1][]{section*.330}{\376\377\0007\000.\0005\000\040\152\041\127\213\121\166\116\326\136\224\165\050\116\016\134\100\226\120\140\047}{section*.304}% 147
\BOOKMARK [2][]{section*.331}{\376\377\0007\000.\0005\000.\0001\000\040\117\072\147\015\174\373\176\337\117\134\122\250\124\315\136\224\230\204\155\113}{section*.330}% 148
\BOOKMARK [2][]{section*.332}{\376\377\0007\000.\0005\000.\0002\000\040\143\247\122\066\174\373\176\337\172\063\133\232\140\047\122\044\133\232}{section*.330}% 149
\BOOKMARK [2][]{section*.333}{\376\377\0007\000.\0005\000.\0003\000\040\152\041\127\213\166\204\134\100\226\120\140\047}{section*.330}% 150
\BOOKMARK [1][]{section*.334}{\376\377\0007\000.\0006\000\040\134\017\176\323}{section*.304}% 151
\BOOKMARK [0][]{section*.335}{\376\377\0008\000\040\154\024\122\250\137\071\140\047\133\374\201\364\166\204\200\375\221\317\143\137\131\061\116\016\210\145\120\177}{ctitle.-1}% 152
\BOOKMARK [1][]{section*.336}{\376\377\0008\000.\0001\000\040\137\025\212\000}{section*.335}% 153
\BOOKMARK [1][]{section*.337}{\376\377\0008\000.\0002\000\040\157\002\155\156\137\017\230\316\122\233\147\072\200\375\221\317\143\137\131\061\152\041\127\213}{section*.335}% 154
\BOOKMARK [2][]{section*.338}{\376\377\0008\000.\0002\000.\0001\000\040\201\352\165\061\136\246\116\016\127\120\150\007\174\373\133\232\116\111}{section*.337}% 155
\BOOKMARK [2][]{section*.340}{\376\377\0008\000.\0002\000.\0002\000\040\123\330\143\142\167\351\226\065}{section*.337}% 156
\BOOKMARK [2][]{section*.342}{\376\377\0008\000.\0002\000.\0003\000\040\154\024\122\250\203\167\217\175\116\016\123\366\217\156\122\237\163\207}{section*.337}% 157
\BOOKMARK [2][]{section*.345}{\376\377\0008\000.\0002\000.\0004\000\040\136\164\123\321\165\065\221\317\117\060\213\241}{section*.337}% 158
\BOOKMARK [2][]{section*.346}{\376\377\0008\000.\0002\000.\0005\000\040\152\041\127\213\116\016\232\214\213\301}{section*.337}% 159
\BOOKMARK [1][]{section*.348}{\376\377\0008\000.\0003\000\040\200\375\221\317\143\137\131\061\163\260\214\141\166\204\221\317\123\026}{section*.335}% 160
\BOOKMARK [2][]{section*.349}{\376\377\0008\000.\0003\000.\0001\000\040\131\047\127\213\230\316\122\233\147\072\154\024\122\250\137\071\140\047\145\110\136\224\166\204\221\317\123\026}{section*.348}% 161
\BOOKMARK [2][]{section*.355}{\376\377\0008\000.\0003\000.\0002\000\040\200\003\206\121\154\024\122\250\137\071\140\047\145\110\136\224\166\204\122\237\163\207\146\362\176\277}{section*.348}% 162
\BOOKMARK [2][]{section*.368}{\376\377\0008\000.\0003\000.\0003\000\040\136\164\123\321\165\065\221\317\143\137\131\061}{section*.348}% 163
\BOOKMARK [1][]{section*.375}{\376\377\0008\000.\0004\000\040\200\375\221\317\143\137\131\061\147\072\164\006}{section*.335}% 164
\BOOKMARK [2][]{section*.376}{\376\377\0008\000.\0004\000.\0001\000\040\145\073\211\322\120\117\171\373\116\016\122\237\163\207\143\137\131\061\166\204\176\277\140\047\146\040\134\004}{section*.375}% 165
\BOOKMARK [2][]{section*.378}{\376\377\0008\000.\0004\000.\0002\000\040\155\101\127\072\162\266\140\001}{section*.375}% 166
\BOOKMARK [1][]{section*.382}{\376\377\0008\000.\0005\000\040\200\375\221\317\143\137\131\061\166\204\210\145\120\177}{section*.335}% 167
\BOOKMARK [2][]{section*.383}{\376\377\0008\000.\0005\000.\0001\000\040\123\366\162\107\230\204\137\057}{section*.382}% 168
\BOOKMARK [2][]{section*.385}{\376\377\0008\000.\0005\000.\0002\000\040\123\366\162\107\230\204\142\155}{section*.382}% 169
\BOOKMARK [2][]{section*.388}{\376\377\0008\000.\0005\000.\0003\000\040\150\150\215\335\211\322\124\214\123\366\134\026\220\037\153\324\166\204\150\041\153\143}{section*.382}% 170
\BOOKMARK [1][]{section*.392}{\376\377\0008\000.\0006\000\040\134\017\176\323}{section*.335}% 171
\BOOKMARK [0][]{section*.393}{\376\377\176\323\213\272}{ctitle.-1}% 172
\BOOKMARK [0][]{section*.396}{\376\377\123\302\200\003\145\207\163\056}{ctitle.-1}% 173
\BOOKMARK [0][]{section*.398}{\376\377\226\104\137\125\000\040\000A\000\040\000\040\000\040\145\073\213\373\133\146\117\115\147\037\225\364\142\100\123\321\210\150\166\204\133\146\147\057\213\272\145\207}{ctitle.-1}% 174
\BOOKMARK [0][]{section*.400}{\376\377\226\104\137\125\000\040\000B\000\040\000\040\000\040\157\002\155\156\137\017\230\316\122\233\147\072\147\011\226\120\121\103\176\323\147\204\167\351\226\065}{ctitle.-1}% 175
\BOOKMARK [0][]{section*.402}{\376\377\226\104\137\125\000\040\000C\000\040\000\040\000\040\217\320\210\114\230\316\122\233\147\072\155\156\117\123\154\024\122\250\226\073\134\074\167\351\226\065\116\055\166\204\121\103\175\040}{ctitle.-1}% 176
\BOOKMARK [0][]{section*.404}{\376\377\226\104\137\125\000\040\000D\000\040\000\040\000\040\155\156\117\123\217\220\134\004\226\073\134\074\174\373\145\160}{ctitle.-1}% 177
\BOOKMARK [0][]{section*.406}{\376\377\226\104\137\125\000\040\000E\000\040\000\040\000\040\120\134\145\076\230\316\122\233\147\072\154\024\122\250\226\073\134\074\167\351\226\065\116\055\166\204\120\117\133\374\145\160\143\250\133\374}{ctitle.-1}% 178
\BOOKMARK [0][]{section*.408}{\376\377\226\104\137\125\000\040\000F\000\040\000\040\000\040\116\044\122\006\171\273\160\271\116\000\226\066\000\040\000I\000A\000G\000\040\122\250\140\001\131\061\220\037\152\041\127\213\173\227\154\325}{ctitle.-1}% 179
\BOOKMARK [0][]{section*.411}{\376\377\226\104\137\125\000\040\000G\000\040\000\040\000\040\176\277\140\047\122\250\140\001\121\145\155\101\152\041\127\213\116\055\166\204\120\117\133\374\145\160\143\250\133\374}{ctitle.-1}% 180
\BOOKMARK [0][]{section*.413}{\376\377\226\104\137\125\000\040\000H\000\040\000\040\000\040\162\266\140\001\172\172\225\364\116\055\176\277\140\047\000\040\000P\000I\000D\000\040\143\247\122\066\126\150\166\204\167\351\226\065\121\103\175\040\143\250\133\374}{ctitle.-1}% 181
\BOOKMARK [0][]{section*.415}{\376\377\201\364\214\042}{ctitle.-1}% 182
